<?xml version="1.0" encoding="UTF-8"?>
<testng-results skipped="0" failed="0" ignored="0" total="1" passed="1">
  <reporter-output>
  </reporter-output>
  <suite name="Default suite" duration-ms="3434" started-at="2020-11-02T00:27:48Z" finished-at="2020-11-02T00:27:51Z">
    <groups>
    </groups>
    <test name="Default test" duration-ms="3434" started-at="2020-11-02T00:27:48Z" finished-at="2020-11-02T00:27:51Z">
      <class name="RestAPI.PatchCall">
        <test-method status="PASS" signature="patchCall_Method()[pri:0, instance:RestAPI.PatchCall@769f71a9]" name="patchCall_Method" duration-ms="3286" started-at="2020-11-02T00:27:48Z" finished-at="2020-11-02T00:27:51Z">
          <reporter-output>
          </reporter-output>
        </test-method> <!-- patchCall_Method -->
      </class> <!-- RestAPI.PatchCall -->
    </test> <!-- Default test -->
  </suite> <!-- Default suite -->
</testng-results>
